[19:48:26] [Test worker/INFO]: [AP] Loaded 1 packages and 59 stages.
[19:48:26] [Test worker/INFO]: [AP] Loaded 51 stage items, 78 give items.
[19:48:26] [Test worker/INFO]: [AP] Loaded 117 advancement locations.
[19:48:26] [Test worker/INFO]: [AP] Loaded 4 boss kill locations.
[19:48:26] [Test worker/INFO]: [AP] -> stage lookup result: minecraftarchipelago:items/bow
[19:48:26] [Test worker/INFO]: [AP] Loaded 1 packages and 59 stages.
[19:48:26] [Test worker/INFO]: [AP] Loaded 51 stage items, 78 give items.
[19:48:26] [Test worker/INFO]: [AP] Loaded 117 advancement locations.
[19:48:26] [Test worker/INFO]: [AP] Loaded 4 boss kill locations.
[19:48:26] [Test worker/INFO]: [AP] Loaded 1 packages and 59 stages.
[19:48:26] [Test worker/INFO]: [AP] Loaded 51 stage items, 78 give items.
[19:48:26] [Test worker/INFO]: [AP] Loaded 117 advancement locations.
[19:48:26] [Test worker/INFO]: [AP] Loaded 4 boss kill locations.
[19:48:26] [Test worker/INFO]: [AP] -> progressive item found
[19:48:26] [Test worker/INFO]: [AP] -> progressive item found
[19:48:26] [Test worker/INFO]: [AP] -> progressive item found
[19:48:26] [Test worker/INFO]: [AP] -> progressive item found
[19:48:26] [Test worker/INFO]: [AP] -> progressive item found
[19:48:26] [Test worker/INFO]: [AP] Loaded 1 packages and 59 stages.
[19:48:26] [Test worker/INFO]: [AP] Loaded 51 stage items, 78 give items.
[19:48:26] [Test worker/INFO]: [AP] Loaded 117 advancement locations.
[19:48:26] [Test worker/INFO]: [AP] Loaded 4 boss kill locations.
[19:48:26] [Test worker/INFO]: [AP] Resending 2 previously check locations.
[19:48:26] [Test worker/INFO]: [AP] Loaded 1 packages and 59 stages.
[19:48:26] [Test worker/INFO]: [AP] Loaded 51 stage items, 78 give items.
[19:48:26] [Test worker/INFO]: [AP] Loaded 117 advancement locations.
[19:48:26] [Test worker/INFO]: [AP] Loaded 4 boss kill locations.
